\BOOKMARK [0][-]{chapter.1}{\376\377\000I\000n\000t\000r\000o\000d\000u\000c\000t\000i\000o\000n}{}% 1
\BOOKMARK [1][-]{section.1.1}{\376\377\000G\000r\000a\000v\000i\000t\000a\000t\000i\000o\000n\000a\000l\000\040\000w\000a\000v\000e\000s}{chapter.1}% 2
\BOOKMARK [2][-]{subsection.1.1.1}{\376\377\000G\000r\000a\000v\000i\000t\000a\000t\000i\000o\000n\000a\000l\000\040\000w\000a\000v\000e\000\040\000a\000s\000t\000r\000o\000n\000o\000m\000y}{section.1.1}% 3
\BOOKMARK [1][-]{section.1.2}{\376\377\000D\000e\000t\000e\000c\000t\000o\000r\000\040\000c\000o\000n\000f\000i\000g\000u\000r\000a\000t\000i\000o\000n\000s}{chapter.1}% 4
\BOOKMARK [2][-]{subsection.1.2.1}{\376\377\000I\000n\000t\000e\000r\000f\000e\000r\000o\000m\000e\000t\000r\000y\000\040\000w\000i\000t\000h\000\040\000a\000\040\000M\000i\000c\000h\000e\000l\000s\000o\000n\000\040\000c\000o\000n\000f\000i\000g\000u\000r\000a\000t\000i\000o\000n}{section.1.2}% 5
\BOOKMARK [2][-]{subsection.1.2.2}{\376\377\000F\000a\000b\000r\000y\000-\000P\000\351\000r\000o\000t\000\040\000M\000i\000c\000h\000e\000l\000s\000o\000n\000\040\000\050\000F\000P\000M\000I\000\051}{section.1.2}% 6
\BOOKMARK [2][-]{subsection.1.2.3}{\376\377\000D\000u\000a\000l\000-\000R\000e\000c\000y\000c\000l\000e\000d\000\040\000F\000a\000b\000r\000y\000-\000P\000e\000r\000o\000t\000\040\000M\000i\000c\000h\000e\000l\000s\000o\000n\000\040\000\050\000D\000R\000F\000P\000M\000I\000\051}{section.1.2}% 7
\BOOKMARK [1][-]{section.1.3}{\376\377\000A\000L\000I\000G\000O}{chapter.1}% 8
\BOOKMARK [2][-]{subsection.1.3.1}{\376\377\000R\000e\000a\000c\000h\000i\000n\000g\000\040\000`\000`\000O\000b\000s\000e\000r\000v\000i\000n\000g\000\040\000M\000o\000d\000e\000"}{section.1.3}% 9
\BOOKMARK [1][-]{section.1.4}{\376\377\000C\000o\000a\000t\000i\000n\000g\000\040\000T\000h\000e\000r\000m\000a\000l\000\040\000N\000o\000i\000s\000e}{chapter.1}% 10
\BOOKMARK [2][-]{subsection.1.4.1}{\376\377\000B\000r\000o\000w\000n\000i\000a\000n\000\040\000T\000h\000e\000r\000m\000a\000l\000\040\000N\000o\000i\000s\000e}{section.1.4}% 11
\BOOKMARK [0][-]{chapter.2}{\376\377\000C\000o\000m\000i\000s\000s\000i\000o\000n\000i\000n\000g\000\040\000A\000d\000a\000p\000t\000i\000v\000e\000\040\000O\000p\000t\000i\000c\000s\000\040\000f\000o\000r\000\040\000O\0003\000a}{}% 12
\BOOKMARK [1][-]{section.2.1}{\376\377\000P\000r\000e\000-\000l\000o\000a\000d\000i\000n\000g\000\040\000f\000o\000r\000\040\000O\0003\000a}{chapter.2}% 13
\BOOKMARK [1][-]{section.2.2}{\376\377\000O\000p\000t\000i\000m\000i\000z\000i\000n\000g\000\040\000R\000H\000\040\000t\000h\000e\000r\000m\000o\000-\000o\000p\000t\000i\000c\000\040\000r\000e\000s\000p\000o\000n\000s\000e}{chapter.2}% 14
\BOOKMARK [2][-]{subsection.2.2.1}{\376\377\000D\000y\000n\000a\000m\000i\000c\000\040\000T\000h\000e\000r\000m\000a\000l\000\040\000c\000o\000m\000p\000e\000n\000s\000a\000t\000i\000o\000n}{section.2.2}% 15
\BOOKMARK [1][-]{section.2.3}{\376\377\000P\000o\000i\000n\000t\000\040\000a\000b\000s\000o\000r\000b\000e\000r\000s\000\040\000i\000n\000\040\000O\0003\000a}{chapter.2}% 16
\BOOKMARK [2][-]{subsection.2.3.1}{\376\377\000S\000t\000u\000d\000i\000e\000s}{section.2.3}% 17
\BOOKMARK [2][-]{subsection.2.3.2}{\376\377\000A\000c\000t\000u\000a\000t\000i\000o\000n\000\040\000u\000s\000i\000n\000g\000\040\000a\000\040\000C\000O\0002\000\040\000l\000a\000s\000e\000r\000\040\000a\000n\000d\000\040\000m\000a\000s\000k}{section.2.3}% 18
\BOOKMARK [0][-]{chapter.3}{\376\377\000E\000l\000e\000c\000t\000r\000o\000-\000o\000p\000t\000i\000c\000\040\000s\000t\000u\000d\000y\000\040\000o\000f\000\040\000a\000\040\000G\000a\000A\000s\000/\000A\000l\0000\000.\0009\0002\000G\000a\0000\000.\0000\0008\000A\000s\000\040\000c\000o\000a\000t\000e\000d\000\040\000m\000i\000r\000r\000o\000r}{}% 19
\BOOKMARK [1][-]{subsection.3.0.1}{\376\377\000A\000n\000i\000s\000o\000t\000r\000o\000p\000i\000c\000\040\000m\000e\000d\000i\000a}{chapter.3}% 20
\BOOKMARK [2][-]{subsection.3.0.2}{\376\377\000G\000a\000A\000s\000\040\000a\000n\000d\000\040\000A\000l\0000\000.\0009\0002\000G\000a\0000\000.\0000\0008\000A\000s\000\040\000c\000r\000y\000s\000t\000a\000l\000\040\000c\000l\000a\000s\000s\000i\000f\000i\000c\000a\000t\000i\000o\000n}{subsection.3.0.1}% 21
\BOOKMARK [2][-]{subsection.3.0.3}{\376\377\000I\000n\000d\000u\000c\000e\000d\000\040\000a\000n\000i\000s\000o\000t\000r\000o\000p\000y\000\040\000i\000n\000\040\000z\000i\000n\000c\000b\000l\000e\000n\000d\000e\000\040\000c\000r\000y\000s\000t\000a\000l\000s}{subsection.3.0.1}% 22
\BOOKMARK [2][-]{subsection.3.0.4}{\376\377\000E\000l\000e\000c\000t\000r\000o\000-\000o\000p\000t\000i\000c\000\040\000m\000o\000d\000u\000l\000a\000t\000i\000o\000n}{subsection.3.0.1}% 23
\BOOKMARK [2][-]{subsection.3.0.5}{\376\377\000O\000p\000t\000i\000c\000a\000l\000\040\000a\000n\000i\000s\000o\000t\000r\000o\000p\000y\000\040\000o\000f\000\040\000a\000\040\000H\000R\000\040\000G\000a\000A\000s\000\040\000/\000\040\000A\000l\0000\000.\0009\0002\000G\000a\0000\000.\0000\0008\000A\000s\000\040\000s\000t\000a\000c\000k}{subsection.3.0.1}% 24
\BOOKMARK [2][-]{subsection.3.0.6}{\376\377\000M\000e\000a\000s\000u\000r\000e\000d\000\040\000b\000i\000r\000e\000f\000r\000i\000n\000g\000e\000n\000c\000e\000\040\000f\000r\000o\000m\000\040\000H\000R\000\040\000G\000a\000A\000s\000/\000A\000l\0000\000.\0009\0002\000G\000a\0000\000.\0000\0008\000A\000s\000\040\000m\000i\000r\000r\000o\000r\000s}{subsection.3.0.1}% 25
\BOOKMARK [1][-]{section.3.1}{\376\377\000P\000r\000o\000j\000e\000c\000t\000e\000d\000\040\000D\000A\000R\000M\000\040\000c\000o\000u\000p\000l\000i\000n\000g}{chapter.3}% 26
\BOOKMARK [1][-]{section.3.2}{\376\377\000S\000h\000o\000r\000t\000,\000\040\000i\000n\000-\000a\000i\000r\000,\000\040\000P\000o\000u\000n\000d\000-\000D\000r\000e\000v\000e\000r\000-\000H\000a\000l\000l\000\040\000l\000o\000c\000k\000e\000d\000,\000\040\000F\000a\000b\000r\000y\000-\000P\000e\000r\000o\000t\000\040\000c\000a\000v\000i\000t\000y\000\040\000e\000x\000p\000e\000r\000i\000m\000e\000n\000t}{chapter.3}% 27
\BOOKMARK [2][-]{subsection.3.2.1}{\376\377\000P\000D\000H\000\040\000s\000e\000r\000v\000o}{section.3.2}% 28
\BOOKMARK [2][-]{subsection.3.2.2}{\376\377\000S\000e\000r\000v\000o\000\040\000P\000a\000r\000a\000m\000e\000t\000e\000r\000s}{section.3.2}% 29
\BOOKMARK [2][-]{subsection.3.2.3}{\376\377\000L\000o\000n\000g\000i\000t\000u\000d\000i\000n\000a\000l\000\040\000P\000o\000c\000k\000e\000l\000s\000\040\000C\000e\000l\000l\000\040\000m\000i\000r\000r\000o\000r\000\040\000m\000o\000u\000n\000t\000\040\000a\000s\000s\000e\000m\000b\000l\000y}{section.3.2}% 30
\BOOKMARK [1][-]{section.3.3}{\376\377\000R\000e\000s\000u\000l\000t\000s}{chapter.3}% 31
\BOOKMARK [2][-]{subsection.3.3.1}{\376\377\000M\000e\000a\000s\000u\000r\000e\000m\000e\000n\000t\000\040\000C\000a\000l\000i\000b\000r\000a\000t\000i\000o\000n}{section.3.3}% 32
\BOOKMARK [2][-]{subsection.3.3.2}{\376\377\000M\000o\000u\000n\000t\000i\000n\000g\000\040\000S\000t\000r\000a\000t\000e\000g\000i\000e\000s}{section.3.3}% 33
\BOOKMARK [0][-]{chapter.4}{\376\377\000C\000o\000n\000c\000l\000u\000s\000i\000o\000n}{}% 34
\BOOKMARK [1][-]{section.4.1}{\376\377\000T\000h\000e\000r\000m\000a\000l\000\040\000c\000o\000m\000p\000e\000n\000s\000a\000t\000i\000o\000n\000\040\000s\000y\000s\000t\000e\000m\000\040\000c\000o\000m\000i\000s\000s\000i\000o\000n\000i\000n\000g\000\040\000f\000o\000r\000\040\000O\0003}{chapter.4}% 35
\BOOKMARK [1][-]{section.4.2}{\376\377\000A\000l\000G\000a\000A\000s\000\040\000E\000l\000e\000c\000t\000r\000o\000-\000o\000p\000t\000i\000c\000\040\000e\000f\000f\000e\000c\000t}{chapter.4}% 36
\BOOKMARK [0][-]{chapter.5}{\376\377\000A\000p\000p\000e\000n\000d\000i\000x}{}% 37
\BOOKMARK [1][-]{section.5.1}{\376\377\000T\000h\000e\000\040\000E\000q\000u\000i\000p\000a\000r\000t\000i\000t\000i\000o\000n\000\040\000t\000h\000e\000o\000r\000e\000m\000\040\000a\000n\000d\000\040\000t\000h\000e\000\040\000F\000l\000u\000c\000t\000u\000a\000t\000i\000o\000n\000\040\000d\000i\000s\000s\000a\000p\000a\000t\000i\000o\000n\000\040\000t\000h\000e\000o\000r\000e\000m}{chapter.5}% 38
\BOOKMARK [1][-]{section.5.2}{\376\377\000M\000o\000d\000e\000\040\000m\000a\000t\000c\000h\000i\000n\000g\000\040\000d\000a\000t\000a\000\040\000f\000o\000r\000\040\000E\000l\000e\000c\000t\000r\000o\000-\000o\000p\000t\000i\000c\000\040\000s\000a\000m\000p\000l\000e\000\040\000c\000a\000v\000i\000t\000y}{chapter.5}% 39
\BOOKMARK [2][-]{subsection.5.2.1}{\376\377\000P\000r\000e\000\040\000M\000M\000T\000\040\000b\000e\000a\000m\000\040\000s\000c\000a\000n}{section.5.2}% 40
\BOOKMARK [2][-]{subsection.5.2.2}{\376\377\000`\000`\000J\000u\000s\000t\000\040\000a\000n\000o\000t\000h\000e\000r\000\040\000m\000o\000d\000e\000\040\000m\000a\000t\000c\000h\000i\000n\000g\000\040\000t\000o\000o\000l\000"\000\040\000\050\000J\000A\000M\000M\000T\000\051\000\040\000s\000o\000l\000u\000t\000i\000o\000n}{section.5.2}% 41
\BOOKMARK [2][-]{subsection.5.2.3}{\376\377\000P\000o\000s\000t\000\040\000M\000M\000T\000\040\000b\000e\000a\000m\000\040\000s\000c\000a\000n}{section.5.2}% 42
\BOOKMARK [2][-]{subsection.5.2.4}{\376\377\000L\000a\000s\000e\000r\000\040\000P\000Z\000T\000\040\000s\000w\000e\000e\000p}{section.5.2}% 43
\BOOKMARK [1][-]{section.5.3}{\376\377\000A\000s\000s\000e\000m\000b\000l\000y\000\040\000b\000l\000u\000e\000p\000r\000i\000n\000t\000s\000\040\000a\000n\000d\000\040\000a\000l\000t\000e\000r\000n\000a\000t\000i\000v\000e\000\040\000v\000i\000e\000w\000s}{chapter.5}% 44
\BOOKMARK [2][-]{subsection.5.3.1}{\376\377\000A\000s\000s\000e\000m\000b\000l\000y\000\040\0001}{section.5.3}% 45
\BOOKMARK [2][-]{subsection.5.3.2}{\376\377\000A\000s\000s\000e\000m\000b\000l\000y\000\040\0002}{section.5.3}% 46
\BOOKMARK [1][-]{section.5.4}{\376\377\000A\000s\000s\000e\000m\000b\000l\000y\000\040\0003\000\040\000[\000M\000A\000C\000O\000R\000]\000\050\000b\000l\000u\000e\000p\000r\000i\000n\000t\000\051}{chapter.5}% 47
\BOOKMARK [1][-]{section.5.5}{\376\377\000C\000a\000l\000i\000b\000r\000a\000t\000i\000o\000n}{chapter.5}% 48
\BOOKMARK [1][-]{section.5.6}{\376\377\000S\000i\000n\000g\000l\000e\000\040\000f\000r\000e\000q\000u\000e\000n\000c\000y}{chapter.5}% 49
\BOOKMARK [1][-]{section.5.7}{\376\377\000L\000a\000p\000l\000a\000c\000e\000\040\000c\000a\000l\000c\000u\000l\000a\000t\000o\000r\000\040\000/\000\040\000c\000o\000d\000e}{chapter.5}% 50
\BOOKMARK [1][-]{section.5.8}{\376\377\000H\000V\000A}{chapter.5}% 51
\BOOKMARK [1][-]{section.5.9}{\376\377\000F\000S\000S}{chapter.5}% 52
\BOOKMARK [1][-]{section.5.10}{\376\377\000M\000e\000a\000s\000u\000r\000i\000n\000g\000\040\000O\000L\000G\000\040\000[\000H\000]}{chapter.5}% 53
\BOOKMARK [0][-]{equation.5.10.4}{\376\377\000R\000e\000f\000e\000r\000e\000n\000c\000e\000s}{}% 54
